[0, 3061]
[0, 1752]
[0, 1188]
[0, 1387]
[1752, 2211]
[1, 824]
[0, 1752]
[0, 1387]
[0, 1752]
[0, 2369]
[1, 824]
[1211, 3086]
[1, 134]
[1, 824]
[1, 824]
[0, 1752]
[3086, 1972]
[1, 134]
[1, 3023]
[1, 1188]
[0, 1752]
[1, 1211]
[0, 1188]
[1, 824]
[0, 1752]
[0, 2041]
[0, 1]
[0, 3061]
[1752, 2211]
[1, 824]
[1, 134]
[1, 1752]
[0, 3061]
[1, 1211]
[1, 2041]
[0, 1752]
[1, 3023]
[3086, 1972]
[0, 1752]
[1, 3023]
[0, 134]
[0, 908]
[0, 3061]
[1752, 2211]
[0, 3061]
[1, 3023]
[0, 1]
[0, 2211]
[0, 1387]
[0, 1]
[0, 2369]
[0, 1752]
[0, 1387]
[1, 1188]
[0, 1752]
[0, 1387]
[1, 1752]
[0, 1752]
[1, 824]
[1, 1188]
[1, 1096]
[1, 1211]
[1, 2041]
[0, 1188]
[0, 1387]
[0, 1]
[0, 2369]
[1, 824]
[0, 2369]
[0, 1752]
[0, 1387]
[1, 1752]
[0, 1752]
[1, 1211]
[0, 1188]
[1, 824]
[0, 1752]
[1, 1752]
[0, 1188]
[0, 3061]
[1, 134]
[1, 1211]
[0, 1752]
[1, 3023]
[0, 1]
[0, 1752]
[1, 1211]
[0, 1188]
[1, 824]
[0, 1752]
[1, 1519]
[0, 908]
[1, 3023]
[1, 1211]
[0, 1188]
[1, 824]
[1, 1752]
[0, 908]
[0, 3061]
[0, 1]
[1, 824]
[1387, 1639]
[0, 2211]
